C:\Program Files (x86)\Microsoft Visual Studio\2017\Community\Common7\IDE\VC\VCTargets\Microsoft.CppBuild.targets(391,5): warning MSB8028: El directorio intermedio (Debug\) contiene archivos compartidos de otro proyecto (SDL8 Handout.vcxproj). Esto puede dar lugar a un comportamiento incorrecto de limpieza y recompilación.
  Application.cpp
  Enemy.cpp
  Enemy_RedBird.cpp
  Globals.cpp
  Main.cpp
  ModuleCollision.cpp
  ModuleEnemies.cpp
  ModuleFadeToBlack.cpp
  ModuleInput.cpp
  ModuleParticles.cpp
  ModulePlayer.cpp
  ModuleRender.cpp
  ModuleSceneIntro.cpp
  ModuleSceneSpace.cpp
  ModuleTextures.cpp
  ModuleWindow.cpp
  PM_ModuleEnemies.cpp
  PM_ModulePlatform.cpp
  PM_ModulePlatform1.cpp
  PM_ModulePlayer.cpp
  Generando código...
  Compilando...
  PM_ModuleSceneLevel1.cpp
  Generando código...
  SDL Game.vcxproj -> C:\Users\needl\OneDrive\Documentos\GitHub\Needlesslord\NutoStudios\P2 - PM - Platformer Mierdecilla\Base Code\Game\Debug\SDL Game.exe
